<?xml version="1.0" encoding="UTF-8"?>
<testsuite name="test111"
           tests="2"
           failures="1"
           errors="0"
           skipped="0"
           time="48.138">
  <properties />
            <testcase name="PreQuestion" time="46.129" classname="com.company.QuizTest">
                <failure type="org.openqa.selenium.NoSuchElementException"
                  message="An element could not be located on the page using the given search parameters. (WARNING: The server did not provide any stacktrace information)
Command duration or timeout: 20.29 seconds
For documentation on this error, please visit: http://seleniumhq.org/exceptions/no_such_element.html
Build info: version: &apos;3.0.0-beta3&apos;, revision: &apos;c7b525d&apos;, time: &apos;2016-09-01 14:57:03 -0700&apos;
System info: host: &apos;PC&apos;, ip: &apos;192.168.1.123&apos;, os.name: &apos;Windows 7&apos;, os.arch: &apos;amd64&apos;, os.version: &apos;6.1&apos;, java.version: &apos;1.8.0_144&apos;
Driver info: io.appium.java_client.android.AndroidDriver
Capabilities [{appPackage=com.android.mms, unicodekeyboard=true, deviceScreenSize=768x1280, networkConnectionEnabled=true, warnings={}, databaseEnabled=false, deviceName=192.168.250.101:5555, platform=LINUX, deviceUDID=192.168.250.101:5555, appActivity=com.android.mms.ui.ConversationList, desired={appPackage=com.android.mms, appActivity=com.android.mms.ui.ConversationList, unicodekeyboard=true, platformVersion=4.3, automationName=Appium, resetkeyboard=false, platformName=Android, sessionoverride=true, deviceName=192.168.250.101:5555}, platformVersion=4.3, webStorageEnabled=false, locationContextEnabled=false, automationName=Appium, takesScreenshot=true, javascriptEnabled=true, deviceModel=Custom Phone - 4.3 - API 18 - 768x1280, resetkeyboard=false, platformName=Android, sessionoverride=true, deviceManufacturer=Genymotion}]
Session ID: 3c2650ab-fe4d-4042-9056-5a14e53d7841
*** Element info: {Using=xpath, value=/hierarchy/android.widget.FrameLayout/android.view.View/android.widget.FrameLayout/android.widget.LinearLayout/android.widget.LinearLayout/android.widget.ListView/android.widget.LinearLayout[6]/android.widget.LinearLayout/android.widget.RelativeLayout/android.widget.LinearLayout}"
              >
<![CDATA[org.openqa.selenium.NoSuchElementException: An element could not be located on the page using the given search parameters. (WARNING: The server did not provide any stacktrace information)
Command duration or timeout: 20.29 seconds
For documentation on this error, please visit: http://seleniumhq.org/exceptions/no_such_element.html
Build info: version: '3.0.0-beta3', revision: 'c7b525d', time: '2016-09-01 14:57:03 -0700'
System info: host: 'PC', ip: '192.168.1.123', os.name: 'Windows 7', os.arch: 'amd64', os.version: '6.1', java.version: '1.8.0_144'
Driver info: io.appium.java_client.android.AndroidDriver
Capabilities [{appPackage=com.android.mms, unicodekeyboard=true, deviceScreenSize=768x1280, networkConnectionEnabled=true, warnings={}, databaseEnabled=false, deviceName=192.168.250.101:5555, platform=LINUX, deviceUDID=192.168.250.101:5555, appActivity=com.android.mms.ui.ConversationList, desired={appPackage=com.android.mms, appActivity=com.android.mms.ui.ConversationList, unicodekeyboard=true, platformVersion=4.3, automationName=Appium, resetkeyboard=false, platformName=Android, sessionoverride=true, deviceName=192.168.250.101:5555}, platformVersion=4.3, webStorageEnabled=false, locationContextEnabled=false, automationName=Appium, takesScreenshot=true, javascriptEnabled=true, deviceModel=Custom Phone - 4.3 - API 18 - 768x1280, resetkeyboard=false, platformName=Android, sessionoverride=true, deviceManufacturer=Genymotion}]
Session ID: 3c2650ab-fe4d-4042-9056-5a14e53d7841
*** Element info: {Using=xpath, value=/hierarchy/android.widget.FrameLayout/android.view.View/android.widget.FrameLayout/android.widget.LinearLayout/android.widget.LinearLayout/android.widget.ListView/android.widget.LinearLayout[6]/android.widget.LinearLayout/android.widget.RelativeLayout/android.widget.LinearLayout}
  sun.reflect.NativeConstructorAccessorImpl.newInstance0(Native Method)
  sun.reflect.NativeConstructorAccessorImpl.newInstance(NativeConstructorAccessorImpl.java:62)
  sun.reflect.DelegatingConstructorAccessorImpl.newInstance(DelegatingConstructorAccessorImpl.java:45)
  java.lang.reflect.Constructor.newInstance(Constructor.java:423)
  org.openqa.selenium.remote.ErrorHandler.createThrowable(ErrorHandler.java:206)
  org.openqa.selenium.remote.ErrorHandler.throwIfResponseFailed(ErrorHandler.java:158)
  org.openqa.selenium.remote.RemoteWebDriver.execute(RemoteWebDriver.java:631)
  io.appium.java_client.DefaultGenericMobileDriver.execute(DefaultGenericMobileDriver.java:40)
  io.appium.java_client.AppiumDriver.execute(AppiumDriver.java:1)
  io.appium.java_client.android.AndroidDriver.execute(AndroidDriver.java:1)
  org.openqa.selenium.remote.RemoteWebDriver.findElement(RemoteWebDriver.java:369)
  io.appium.java_client.DefaultGenericMobileDriver.findElement(DefaultGenericMobileDriver.java:56)
  io.appium.java_client.AppiumDriver.findElement(AppiumDriver.java:1)
  io.appium.java_client.android.AndroidDriver.findElement(AndroidDriver.java:1)
  org.openqa.selenium.remote.RemoteWebDriver.findElementByXPath(RemoteWebDriver.java:474)
  io.appium.java_client.DefaultGenericMobileDriver.findElementByXPath(DefaultGenericMobileDriver.java:134)
  io.appium.java_client.AppiumDriver.findElementByXPath(AppiumDriver.java:1)
  io.appium.java_client.android.AndroidDriver.findElementByXPath(AndroidDriver.java:1)
  com.company.QuizTest.PreQuestion(QuizTest.java:31)
  sun.reflect.NativeMethodAccessorImpl.invoke0(Native Method)
  sun.reflect.NativeMethodAccessorImpl.invoke(NativeMethodAccessorImpl.java:62)
  sun.reflect.DelegatingMethodAccessorImpl.invoke(DelegatingMethodAccessorImpl.java:43)
  java.lang.reflect.Method.invoke(Method.java:498)
  org.testng.internal.MethodInvocationHelper.invokeMethod(MethodInvocationHelper.java:124)
  org.testng.internal.Invoker.invokeMethod(Invoker.java:580)
  org.testng.internal.Invoker.invokeTestMethod(Invoker.java:716)
  org.testng.internal.Invoker.invokeTestMethods(Invoker.java:988)
  org.testng.internal.TestMethodWorker.invokeTestMethods(TestMethodWorker.java:124)
  org.testng.internal.TestMethodWorker.run(TestMethodWorker.java:109)
  java.util.concurrent.ThreadPoolExecutor.runWorker(ThreadPoolExecutor.java:1149)
  java.util.concurrent.ThreadPoolExecutor$Worker.run(ThreadPoolExecutor.java:624)
  java.lang.Thread.run(Thread.java:748)
]]>
      </failure>

          </testcase>
  
  
            <testcase name="test1" time="2.009" classname="com.company.QuizTest" />
      
</testsuite>
